<?xml version="1.0" encoding="utf-8"?><testsuites name="pytest tests"><testsuite name="pytest" errors="0" failures="4" skipped="0" tests="32" time="6.539" timestamp="2026-08-30T03:58:20.032739+00:00" hostname="agent-env-e36359cd-bee7-4379-aced-76f17a56057d"><testcase classname="tests.backend_test.TestAuth" name="test_login_success" time="0.487" /><testcase classname="tests.backend_test.TestAuth" name="test_login_wrong_password" time="0.479" /><testcase classname="tests.backend_test.TestNamedResources" name="test_list[archive-types]" time="0.977" /><testcase classname="tests.backend_test.TestAuth" name="test_login_unknown_user" time="0.083" /><testcase classname="tests.backend_test.TestNamedResources" name="test_list[archive-locations]" time="0.054" /><testcase classname="tests.backend_test.TestNamedResources" name="test_create_duplicate_and_delete[archive-types]" time="0.675" /><testcase classname="tests.backend_test.TestAuth" name="test_login_missing_fields_422" time="0.083" /><testcase classname="tests.backend_test.TestAuth" name="test_me_requires_auth" time="0.152" /><testcase classname="tests.backend_test.TestAuth" name="test_me_with_bearer" time="0.367" /><testcase classname="tests.backend_test.TestAuth" name="test_me_invalid_token" time="0.208" /><testcase classname="tests.backend_test.TestNamedResources" name="test_create_duplicate_and_delete[archive-locations]" time="0.376" /><testcase classname="tests.backend_test.TestAuth" name="test_logout" time="0.044" /><testcase classname="tests.backend_test.TestAuth" name="test_bcrypt_hash_format" time="0.076" /><testcase classname="tests.backend_test.TestArchives" name="test_unauth" time="0.133" /><testcase classname="tests.backend_test.TestNamedResources" name="test_unauth_write[archive-types]" time="0.208" /><testcase classname="tests.backend_test.TestArchives" name="test_create_without_file_and_persist" time="0.181" /><testcase classname="tests.backend_test.TestNamedResources" name="test_unauth_write[archive-locations]" time="0.284" /><testcase classname="tests.backend_test.TestArchives" name="test_create_with_pdf_download_update_delete" time="1.546" /><testcase classname="tests.backend_test.TestNamedResources" name="test_delete_invalid_objectid[archive-types]" time="0.053"><failure message="AssertionError: expected 4xx got 500&#10;assert 500 in (400, 404, 422)&#10; +  where 500 = &lt;Response [500]&gt;.status_code">backend_test.py:142: in test_delete_invalid_objectid
    assert r.status_code in (400, 404, 422), f"expected 4xx got {r.status_code}"
E   AssertionError: expected 4xx got 500
E   assert 500 in (400, 404, 422)
E    +  where 500 = &lt;Response [500]&gt;.status_code</failure></testcase><testcase classname="tests.backend_test.TestNamedResources" name="test_delete_invalid_objectid[archive-locations]" time="0.057"><failure message="AssertionError: expected 4xx got 500&#10;assert 500 in (400, 404, 422)&#10; +  where 500 = &lt;Response [500]&gt;.status_code">backend_test.py:142: in test_delete_invalid_objectid
    assert r.status_code in (400, 404, 422), f"expected 4xx got {r.status_code}"
E   AssertionError: expected 4xx got 500
E   assert 500 in (400, 404, 422)
E    +  where 500 = &lt;Response [500]&gt;.status_code</failure></testcase><testcase classname="tests.backend_test.TestUsers" name="test_list_users_requires_admin" time="0.181" /><testcase classname="tests.backend_test.TestUsers" name="test_create_list_delete_user" time="0.883" /><testcase classname="tests.backend_test.TestUsers" name="test_create_user_empty_password" time="0.092" /><testcase classname="tests.backend_test.TestArchives" name="test_non_pdf_rejected" time="0.084" /><testcase classname="tests.backend_test.TestUsers" name="test_admin_cannot_delete_self" time="0.103" /><testcase classname="tests.backend_test.TestArchives" name="test_missing_required_fields" time="0.083" /><testcase classname="tests.backend_test.TestUsers" name="test_regular_user_forbidden_on_admin_routes" time="1.811" /><testcase classname="tests.backend_test.TestArchives" name="test_search_both_params_and_empty" time="0.280" /><testcase classname="tests.backend_test.TestArchives" name="test_search_regex_injection_safe" time="0.050"><failure message="AssertionError: regex special chars caused 500&#10;assert 500 in (200, 400)&#10; +  where 500 = &lt;Response [500]&gt;.status_code">backend_test.py:319: in test_search_regex_injection_safe
    assert r.status_code in (200, 400), f"regex special chars caused {r.status_code}"
E   AssertionError: regex special chars caused 500
E   assert 500 in (200, 400)
E    +  where 500 = &lt;Response [500]&gt;.status_code</failure></testcase><testcase classname="tests.backend_test.TestArchives" name="test_get_invalid_objectid" time="0.257"><failure message="AssertionError: expected 4xx got 500&#10;assert 500 in (400, 404, 422)&#10; +  where 500 = &lt;Response [500]&gt;.status_code">backend_test.py:323: in test_get_invalid_objectid
    assert r.status_code in (400, 404, 422), f"expected 4xx got {r.status_code}"
E   AssertionError: expected 4xx got 500
E   assert 500 in (400, 404, 422)
E    +  where 500 = &lt;Response [500]&gt;.status_code</failure></testcase><testcase classname="tests.backend_test.TestStats" name="test_stats_unauth" time="0.104" /><testcase classname="tests.backend_test.TestStats" name="test_stats_shape" time="0.055" /></testsuite></testsuites>